WARNING: no MBID:
    LOM16-09           2001-01-01 - MBID:  ICMID:  - removed

WARNING: no MBID:
    WOM_01             2001-01-01 - MBID:  ICMID:  - removed

WARNING: duplicate MBID:
    LOM16-01           2001-01-01 - MBID: c600000067608942 ICMID: 8f000030c2c2512d
    lom16_01           2023-07-01 - MBID: c600000067608942 ICMID: 8f000030c2c2512d
    LOM16-01           2001-01-01 - MBID: c600000067608942 ICMID: 8f000030c2c2512d - removed
WARNING: duplicate ICMID:
    LOM16-01           2001-01-01 - MBID: c600000067608942 ICMID: 8f000030c2c2512d
    lom16_01           2023-07-01 - MBID: c600000067608942 ICMID: 8f000030c2c2512d
    LOM16-01           2001-01-01 - MBID: c600000067608942 ICMID: 8f000030c2c2512d - removed

WARNING: duplicate MBID:
    LOM16-02           2001-01-01 - MBID: 07000000672a1642 ICMID: b7000030c30b1f2d
    lom16_02           2024-07-15 - MBID: 07000000672a1642 ICMID: b7000030c30b1f2d
    LOM16-02           2001-01-01 - MBID: 07000000672a1642 ICMID: b7000030c30b1f2d - removed
WARNING: duplicate ICMID:
    LOM16-02           2001-01-01 - MBID: 07000000672a1642 ICMID: b7000030c30b1f2d
    lom16_02           2024-07-15 - MBID: 07000000672a1642 ICMID: b7000030c30b1f2d
    LOM16-02           2001-01-01 - MBID: 07000000672a1642 ICMID: b7000030c30b1f2d - removed

WARNING: duplicate MBID:
    LOM16-04           2001-01-01 - MBID: b3000000674c6e42 ICMID: 38000030c307eb2d
    lom16_04           2024-11-25 - MBID: b3000000674c6e42 ICMID: 38000030c307eb2d
    LOM16-04           2001-01-01 - MBID: b3000000674c6e42 ICMID: 38000030c307eb2d - removed
WARNING: duplicate ICMID:
    LOM16-04           2001-01-01 - MBID: b3000000674c6e42 ICMID: 38000030c307eb2d
    lom16_04           2024-11-25 - MBID: b3000000674c6e42 ICMID: 38000030c307eb2d
    LOM16-04           2001-01-01 - MBID: b3000000674c6e42 ICMID: 38000030c307eb2d - removed

WARNING: duplicate MBID:
    LOM16-05           2001-01-01 - MBID: 6800000067607d42 ICMID: 89000030c3077b2d
    lom16_05           2024-12-16 - MBID: 6800000067607d42 ICMID: 89000030c3077b2d
    LOM16-05           2001-01-01 - MBID: 6800000067607d42 ICMID: 89000030c3077b2d - removed
WARNING: duplicate ICMID:
    LOM16-05           2001-01-01 - MBID: 6800000067607d42 ICMID: 89000030c3077b2d
    lom16_05           2024-12-16 - MBID: 6800000067607d42 ICMID: 89000030c3077b2d
    LOM16-05           2001-01-01 - MBID: 6800000067607d42 ICMID: 89000030c3077b2d - removed

WARNING: duplicate MBID:
    LOM16-06           2001-01-01 - MBID: 9b000000672c1642 ICMID: 38000030c3503b2d
    lom16_06           2025-01-15 - MBID: 9b000000672c1642 ICMID: 38000030c3503b2d
    LOM16-06           2001-01-01 - MBID: 9b000000672c1642 ICMID: 38000030c3503b2d - removed
WARNING: duplicate ICMID:
    LOM16-06           2001-01-01 - MBID: 9b000000672c1642 ICMID: 38000030c3503b2d
    lom16_06           2025-01-15 - MBID: 9b000000672c1642 ICMID: 38000030c3503b2d
    LOM16-06           2001-01-01 - MBID: 9b000000672c1642 ICMID: 38000030c3503b2d - removed

WARNING: duplicate MBID:
    LOM16-07           2001-01-01 - MBID: 3f000000676afd42 ICMID: d5000030c3122f2d
    lom16_07           2025-02-01 - MBID: 3f000000676afd42 ICMID: d5000030c3122f2d
    LOM16-07           2001-01-01 - MBID: 3f000000676afd42 ICMID: d5000030c3122f2d - removed
WARNING: duplicate ICMID:
    LOM16-07           2001-01-01 - MBID: 3f000000676afd42 ICMID: d5000030c3122f2d
    lom16_07           2025-02-01 - MBID: 3f000000676afd42 ICMID: d5000030c3122f2d
    LOM16-07           2001-01-01 - MBID: 3f000000676afd42 ICMID: d5000030c3122f2d - removed

WARNING: duplicate MBID:
    LOM16-08           2001-01-01 - MBID: 5f0000006711f142 ICMID: 23000030c30b052d
    lom16_08           2025-06-01 - MBID: 5f0000006711f142 ICMID: 23000030c30b052d
    LOM16-08           2001-01-01 - MBID: 5f0000006711f142 ICMID: 23000030c30b052d - removed
WARNING: duplicate ICMID:
    LOM16-08           2001-01-01 - MBID: 5f0000006711f142 ICMID: 23000030c30b052d
    lom16_08           2025-06-01 - MBID: 5f0000006711f142 ICMID: 23000030c30b052d
    LOM16-08           2001-01-01 - MBID: 5f0000006711f142 ICMID: 23000030c30b052d - removed

WARNING: duplicate MBID:
    LOM16-03           2001-01-01 - MBID: 65000000674c3542 ICMID: ed000030c343542d
    lom16_03           2024-07-15 - MBID: 65000000674c3542 ICMID: ed000030c343542d
    LOM16-03           2001-01-01 - MBID: 65000000674c3542 ICMID: ed000030c343542d - removed
WARNING: duplicate ICMID:
    LOM16-03           2001-01-01 - MBID: 65000000674c3542 ICMID: ed000030c343542d
    lom16_03           2024-07-15 - MBID: 65000000674c3542 ICMID: ed000030c343542d
    LOM16-03           2001-01-01 - MBID: 65000000674c3542 ICMID: ed000030c343542d - removed

WARNING: duplicate MBID:
    LOM18-05           2001-01-01 - MBID: d9000000672a0142 ICMID: 05000030c346ba2d
    lom18_05           2023-07-01 - MBID: d9000000672a0142 ICMID: 05000030c346ba2d
    LOM18-05           2001-01-01 - MBID: d9000000672a0142 ICMID: 05000030c346ba2d - removed
WARNING: duplicate ICMID:
    LOM18-05           2001-01-01 - MBID: d9000000672a0142 ICMID: 05000030c346ba2d
    lom18_05           2023-07-01 - MBID: d9000000672a0142 ICMID: 05000030c346ba2d
    LOM18-05           2001-01-01 - MBID: d9000000672a0142 ICMID: 05000030c346ba2d - removed

WARNING: duplicate MBID:
    LOM18-04           2001-01-01 - MBID: 08000000674bee42 ICMID: 0a00000f1735242d
    lom18_04           2023-07-01 - MBID: 08000000674bee42 ICMID: 0a00000f1735242d
    LOM18-04           2001-01-01 - MBID: 08000000674bee42 ICMID: 0a00000f1735242d - removed
WARNING: duplicate ICMID:
    LOM18-04           2001-01-01 - MBID: 08000000674bee42 ICMID: 0a00000f1735242d
    lom18_04           2023-07-01 - MBID: 08000000674bee42 ICMID: 0a00000f1735242d
    LOM18-04           2001-01-01 - MBID: 08000000674bee42 ICMID: 0a00000f1735242d - removed

WARNING: duplicate MBID:
    LOM18-06           2001-01-01 - MBID: b7000000672e6742 ICMID: a0000030c346942d
    lom18_06           2023-07-01 - MBID: b7000000672e6742 ICMID: a0000030c346942d
    LOM18-06           2001-01-01 - MBID: b7000000672e6742 ICMID: a0000030c346942d - removed
WARNING: duplicate ICMID:
    LOM18-06           2001-01-01 - MBID: b7000000672e6742 ICMID: a0000030c346942d
    lom18_06           2023-07-01 - MBID: b7000000672e6742 ICMID: a0000030c346942d
    LOM18-06           2001-01-01 - MBID: b7000000672e6742 ICMID: a0000030c346942d - removed

WARNING: duplicate MBID:
    LOM18-07           2001-01-01 - MBID: 34000000675fd842 ICMID: d100000f173d582d
    lom18_07           2023-07-01 - MBID: 34000000675fd842 ICMID: d100000f173d582d
    LOM18-07           2001-01-01 - MBID: 34000000675fd842 ICMID: d100000f173d582d - removed
WARNING: duplicate ICMID:
    LOM18-07           2001-01-01 - MBID: 34000000675fd842 ICMID: d100000f173d582d
    lom18_07           2023-07-01 - MBID: 34000000675fd842 ICMID: d100000f173d582d
    LOM18-07           2001-01-01 - MBID: 34000000675fd842 ICMID: d100000f173d582d - removed

WARNING: duplicate MBID:
    LOM18-02           2001-01-01 - MBID: bf000000672c1942 ICMID: ee000030c342db2d
    lom18_02           2023-07-01 - MBID: bf000000672c1942 ICMID: ee000030c342db2d
    LOM18-02           2001-01-01 - MBID: bf000000672c1942 ICMID: ee000030c342db2d - removed
WARNING: duplicate ICMID:
    LOM18-02           2001-01-01 - MBID: bf000000672c1942 ICMID: ee000030c342db2d
    lom18_02           2023-07-01 - MBID: bf000000672c1942 ICMID: ee000030c342db2d
    LOM18-02           2001-01-01 - MBID: bf000000672c1942 ICMID: ee000030c342db2d - removed

WARNING: duplicate MBID:
    LOM18-03           2001-01-01 - MBID: f100000067495242 ICMID: 2a000009b8d95c2d
    lom18_03           2023-07-01 - MBID: f100000067495242 ICMID: 2a000009b8d95c2d
    LOM18-03           2001-01-01 - MBID: f100000067495242 ICMID: 2a000009b8d95c2d - removed
WARNING: duplicate ICMID:
    LOM18-03           2001-01-01 - MBID: f100000067495242 ICMID: 2a000009b8d95c2d
    lom18_03           2023-07-01 - MBID: f100000067495242 ICMID: 2a000009b8d95c2d
    LOM18-03           2001-01-01 - MBID: f100000067495242 ICMID: 2a000009b8d95c2d - removed

WARNING: duplicate MBID:
    LOM18-00           2001-01-01 - MBID: 4a000000672de442 ICMID: 3900000f17135e2d
    lom18_00           2023-07-01 - MBID: 4a000000672de442 ICMID: 3900000f17135e2d
    LOM18-00           2001-01-01 - MBID: 4a000000672de442 ICMID: 3900000f17135e2d - removed
WARNING: duplicate ICMID:
    LOM18-00           2001-01-01 - MBID: 4a000000672de442 ICMID: 3900000f17135e2d
    lom18_00           2023-07-01 - MBID: 4a000000672de442 ICMID: 3900000f17135e2d
    LOM18-00           2001-01-01 - MBID: 4a000000672de442 ICMID: 3900000f17135e2d - removed

WARNING: duplicate MBID:
    mDOM_D124_v2       2024-11-20 - MBID: 8800000066ac6c42 ICMID: 6b000011ac151e2d
    mDOM_D226_v1       2024-12-11 - MBID: 8800000066ac6c42 ICMID: 6b000011ac151e2d
    mDOM_D124_v2       2024-11-20 - MBID: 8800000066ac6c42 ICMID: 6b000011ac151e2d - removed
WARNING: duplicate ICMID:
    mDOM_D124_v2       2024-11-20 - MBID: 8800000066ac6c42 ICMID: 6b000011ac151e2d
    mDOM_D226_v1       2024-12-11 - MBID: 8800000066ac6c42 ICMID: 6b000011ac151e2d
    mDOM_D124_v2       2024-11-20 - MBID: 8800000066ac6c42 ICMID: 6b000011ac151e2d - removed

WARNING: duplicate MBID:
    mDOM_D147_v1       2024-05-16 - MBID: 92000000662fac42 ICMID: 2800000fd3dfd42d
    mDOM_D219_v1       2025-04-23 - MBID: 92000000662fac42 ICMID: 2800000fd3dfd42d
    mDOM_D147_v1       2024-05-16 - MBID: 92000000662fac42 ICMID: 2800000fd3dfd42d - removed
WARNING: duplicate ICMID:
    mDOM_D147_v1       2024-05-16 - MBID: 92000000662fac42 ICMID: 2800000fd3dfd42d
    mDOM_D219_v1       2025-04-23 - MBID: 92000000662fac42 ICMID: 2800000fd3dfd42d
    mDOM_D147_v1       2024-05-16 - MBID: 92000000662fac42 ICMID: 2800000fd3dfd42d - removed

WARNING: duplicate MBID:
    mDOM_D149_v1       2024-05-17 - MBID: af00000065839142 ICMID: 86000011abeffd2d
    mDOM_D218_v1       2025-04-23 - MBID: af00000065839142 ICMID: 86000011abeffd2d
    mDOM_D149_v1       2024-05-17 - MBID: af00000065839142 ICMID: 86000011abeffd2d - removed
WARNING: duplicate ICMID:
    mDOM_D149_v1       2024-05-17 - MBID: af00000065839142 ICMID: 86000011abeffd2d
    mDOM_D218_v1       2025-04-23 - MBID: af00000065839142 ICMID: 86000011abeffd2d
    mDOM_D149_v1       2024-05-17 - MBID: af00000065839142 ICMID: 86000011abeffd2d - removed

WARNING: duplicate MBID:
    mDOM_D226_v1       2024-12-11 - MBID: 8800000066ac6c42 ICMID: 6b000011ac151e2d
    mDOM_D148_v1       2024-05-30 - MBID: 8800000066ac6c42 ICMID: 6b000011ac151e2d
    mDOM_D148_v1       2024-05-30 - MBID: f6000000689e7d42 ICMID: 8d000032357c2b2d - removed
WARNING: duplicate ICMID:
    mDOM_D226_v1       2024-12-11 - MBID: 8800000066ac6c42 ICMID: 6b000011ac151e2d
    mDOM_D148_v1       2024-05-30 - MBID: 8800000066ac6c42 ICMID: 6b000011ac151e2d
    mDOM_D148_v1       2024-05-30 - MBID: 8800000066ac6c42 ICMID: 8d000032357c2b2d - removed

WARNING: no MBID:
    DEgg2021-3-077_v1  2021-07-28 - MBID:  ICMID: f3000030c358df2d - removed

WARNING: no MBID:
    DEgg2021-3-045_v1  2021-07-01 - MBID:  ICMID: a800000f1734a32d - removed

13 acoustic devices
1 lom-18 devices
13 pencilbeam devices
11 wom devices
23 pdom devices
4 seismometer devices
8 swedencamera devices
8 lom16 devices
7 lom18 devices
26 pocam devices
443 mdom devices
306 degg devices

863 total devices found
